{"/home/mattpjohnson/Code/drb/src/tokenizers/runTokenizer.ts": {"path":"/home/mattpjohnson/Code/drb/src/tokenizers/runTokenizer.ts","statementMap":{"0":{"start":{"line":10,"column":13},"end":{"line":32,"column":1}},"1":{"start":{"line":11,"column":27},"end":{"line":11,"column":29}},"2":{"start":{"line":13,"column":2},"end":{"line":15,"column":3}},"3":{"start":{"line":14,"column":4},"end":{"line":14,"column":17}},"4":{"start":{"line":17,"column":21},"end":{"line":17,"column":29}},"5":{"start":{"line":18,"column":2},"end":{"line":27,"column":3}},"6":{"start":{"line":19,"column":19},"end":{"line":19,"column":27}},"7":{"start":{"line":21,"column":4},"end":{"line":24,"column":5}},"8":{"start":{"line":22,"column":6},"end":{"line":22,"column":31}},"9":{"start":{"line":23,"column":6},"end":{"line":23,"column":23}},"10":{"start":{"line":26,"column":4},"end":{"line":26,"column":26}},"11":{"start":{"line":29,"column":2},"end":{"line":29,"column":27}},"12":{"start":{"line":31,"column":2},"end":{"line":31,"column":15}}},"fnMap":{"0":{"name":"(anonymous_0)","decl":{"start":{"line":10,"column":42},"end":{"line":10,"column":42}},"loc":{"start":{"line":10,"column":56},"end":{"line":32,"column":1}}}},"branchMap":{"0":{"loc":{"start":{"line":13,"column":2},"end":{"line":15,"column":3}},"type":"if","locations":[{"start":{"line":13,"column":2},"end":{"line":15,"column":3}},{"start":{"line":13,"column":2},"end":{"line":15,"column":3}}]},"1":{"loc":{"start":{"line":21,"column":4},"end":{"line":24,"column":5}},"type":"if","locations":[{"start":{"line":21,"column":4},"end":{"line":24,"column":5}},{"start":{"line":21,"column":4},"end":{"line":24,"column":5}}]}},"s":{"0":1,"1":5,"2":5,"3":1,"4":4,"5":4,"6":19,"7":19,"8":8,"9":8,"10":19,"11":4,"12":4},"f":{"0":5},"b":{"0":[1,4],"1":[8,11]}}
,"/home/mattpjohnson/Code/drb/src/translators/helpers.ts": {"path":"/home/mattpjohnson/Code/drb/src/translators/helpers.ts","statementMap":{"0":{"start":{"line":2,"column":2},"end":{"line":10,"column":3}},"1":{"start":{"line":3,"column":4},"end":{"line":9,"column":6}},"2":{"start":{"line":4,"column":6},"end":{"line":6,"column":7}},"3":{"start":{"line":5,"column":8},"end":{"line":5,"column":61}},"4":{"start":{"line":8,"column":6},"end":{"line":8,"column":26}},"5":{"start":{"line":1,"column":0},"end":{"line":11,"column":1}},"6":{"start":{"line":14,"column":18},"end":{"line":14,"column":20}},"7":{"start":{"line":16,"column":2},"end":{"line":18,"column":3}},"8":{"start":{"line":17,"column":4},"end":{"line":17,"column":19}},"9":{"start":{"line":20,"column":2},"end":{"line":20,"column":16}},"10":{"start":{"line":13,"column":0},"end":{"line":21,"column":1}},"11":{"start":{"line":24,"column":2},"end":{"line":24,"column":68}},"12":{"start":{"line":24,"column":41},"end":{"line":24,"column":67}},"13":{"start":{"line":23,"column":0},"end":{"line":25,"column":1}},"14":{"start":{"line":28,"column":2},"end":{"line":30,"column":3}},"15":{"start":{"line":29,"column":4},"end":{"line":29,"column":15}},"16":{"start":{"line":31,"column":2},"end":{"line":33,"column":3}},"17":{"start":{"line":32,"column":4},"end":{"line":32,"column":15}},"18":{"start":{"line":34,"column":2},"end":{"line":36,"column":3}},"19":{"start":{"line":35,"column":4},"end":{"line":35,"column":15}},"20":{"start":{"line":38,"column":2},"end":{"line":38,"column":13}}},"fnMap":{"0":{"name":"lookupTranslator","decl":{"start":{"line":1,"column":16},"end":{"line":1,"column":32}},"loc":{"start":{"line":1,"column":68},"end":{"line":11,"column":1}}},"1":{"name":"(anonymous_1)","decl":{"start":{"line":2,"column":9},"end":{"line":2,"column":9}},"loc":{"start":{"line":2,"column":26},"end":{"line":10,"column":3}}},"2":{"name":"(anonymous_2)","decl":{"start":{"line":3,"column":22},"end":{"line":3,"column":21}},"loc":{"start":{"line":3,"column":27},"end":{"line":9,"column":5}}},"3":{"name":"getNumbers","decl":{"start":{"line":13,"column":16},"end":{"line":13,"column":26}},"loc":{"start":{"line":13,"column":53},"end":{"line":21,"column":1}}},"4":{"name":"getNumbersWithOrdinalIndicators","decl":{"start":{"line":23,"column":16},"end":{"line":23,"column":47}},"loc":{"start":{"line":23,"column":74},"end":{"line":25,"column":1}}},"5":{"name":"(anonymous_5)","decl":{"start":{"line":24,"column":36},"end":{"line":24,"column":35}},"loc":{"start":{"line":24,"column":37},"end":{"line":24,"column":67}}},"6":{"name":"getOrdinalIndicator","decl":{"start":{"line":27,"column":9},"end":{"line":27,"column":28}},"loc":{"start":{"line":27,"column":40},"end":{"line":39,"column":1}}}},"branchMap":{"0":{"loc":{"start":{"line":4,"column":6},"end":{"line":6,"column":7}},"type":"if","locations":[{"start":{"line":4,"column":6},"end":{"line":6,"column":7}},{"start":{"line":4,"column":6},"end":{"line":6,"column":7}}]},"1":{"loc":{"start":{"line":28,"column":2},"end":{"line":30,"column":3}},"type":"if","locations":[{"start":{"line":28,"column":2},"end":{"line":30,"column":3}},{"start":{"line":28,"column":2},"end":{"line":30,"column":3}}]},"2":{"loc":{"start":{"line":28,"column":6},"end":{"line":28,"column":20}},"type":"binary-expr","locations":[{"start":{"line":28,"column":6},"end":{"line":28,"column":20}},{"start":{"line":28,"column":24},"end":{"line":28,"column":40}}]},"3":{"loc":{"start":{"line":31,"column":2},"end":{"line":33,"column":3}},"type":"if","locations":[{"start":{"line":31,"column":2},"end":{"line":33,"column":3}},{"start":{"line":31,"column":2},"end":{"line":33,"column":3}}]},"4":{"loc":{"start":{"line":31,"column":6},"end":{"line":31,"column":20}},"type":"binary-expr","locations":[{"start":{"line":31,"column":6},"end":{"line":31,"column":20}},{"start":{"line":31,"column":24},"end":{"line":31,"column":40}}]},"5":{"loc":{"start":{"line":34,"column":2},"end":{"line":36,"column":3}},"type":"if","locations":[{"start":{"line":34,"column":2},"end":{"line":36,"column":3}},{"start":{"line":34,"column":2},"end":{"line":36,"column":3}}]},"6":{"loc":{"start":{"line":34,"column":6},"end":{"line":34,"column":20}},"type":"binary-expr","locations":[{"start":{"line":34,"column":6},"end":{"line":34,"column":20}},{"start":{"line":34,"column":24},"end":{"line":34,"column":40}}]}},"s":{"0":2,"1":28,"2":29,"3":1,"4":28,"5":2,"6":9,"7":9,"8":537,"9":9,"10":2,"11":7,"12":525,"13":2,"14":525,"15":49,"16":476,"17":48,"18":428,"19":48,"20":380},"f":{"0":2,"1":28,"2":29,"3":9,"4":7,"5":525,"6":525},"b":{"0":[1,28],"1":[49,476],"2":[525,57],"3":[48,428],"4":[476,56],"5":[48,380],"6":[428,55]}}
,"/home/mattpjohnson/Code/drb/src/translators/momentTranslator.ts": {"path":"/home/mattpjohnson/Code/drb/src/translators/momentTranslator.ts","statementMap":{"0":{"start":{"line":2,"column":0},"end":{"line":2,"column":76}},"1":{"start":{"line":4,"column":49},"end":{"line":34,"column":1}},"2":{"start":{"line":36,"column":13},"end":{"line":36,"column":76}}},"fnMap":{},"branchMap":{},"s":{"0":1,"1":1,"2":1},"f":{},"b":{}}
}
