TN:
SF:/home/mattpjohnson/Code/drb/src/tokenizers/runTokenizer.ts
FN:10,(anonymous_0)
FNF:1
FNH:1
FNDA:5,(anonymous_0)
DA:10,1
DA:11,5
DA:13,5
DA:14,1
DA:17,4
DA:18,4
DA:19,19
DA:21,19
DA:22,8
DA:23,8
DA:26,19
DA:29,4
DA:31,4
LF:13
LH:13
BRDA:13,0,0,1
BRDA:13,0,1,4
BRDA:21,1,0,8
BRDA:21,1,1,11
BRF:4
BRH:4
end_of_record
TN:
SF:/home/mattpjohnson/Code/drb/src/translators/helpers.ts
FN:1,lookupTranslator
FN:2,(anonymous_1)
FN:3,(anonymous_2)
FN:13,getNumbers
FN:23,getNumbersWithOrdinalIndicators
FN:24,(anonymous_5)
FN:27,getOrdinalIndicator
FNF:7
FNH:7
FNDA:2,lookupTranslator
FNDA:28,(anonymous_1)
FNDA:29,(anonymous_2)
FNDA:9,getNumbers
FNDA:7,getNumbersWithOrdinalIndicators
FNDA:525,(anonymous_5)
FNDA:525,getOrdinalIndicator
DA:1,2
DA:2,2
DA:3,28
DA:4,29
DA:5,1
DA:8,28
DA:13,2
DA:14,9
DA:16,9
DA:17,537
DA:20,9
DA:23,2
DA:24,525
DA:28,525
DA:29,49
DA:31,476
DA:32,48
DA:34,428
DA:35,48
DA:38,380
LF:20
LH:20
BRDA:4,0,0,1
BRDA:4,0,1,28
BRDA:28,1,0,49
BRDA:28,1,1,476
BRDA:28,2,0,525
BRDA:28,2,1,57
BRDA:31,3,0,48
BRDA:31,3,1,428
BRDA:31,4,0,476
BRDA:31,4,1,56
BRDA:34,5,0,48
BRDA:34,5,1,380
BRDA:34,6,0,428
BRDA:34,6,1,55
BRF:14
BRH:14
end_of_record
TN:
SF:/home/mattpjohnson/Code/drb/src/translators/momentTranslator.ts
FNF:0
FNH:0
DA:2,1
DA:4,1
DA:36,1
LF:3
LH:3
BRF:0
BRH:0
end_of_record
